<?xml version="1.0" encoding="UTF-8"?>
<!-- Generated by org.testng.reporters.JUnitReportReporter -->
<testsuite skipped="0" hostname="Mallinath-pc" name="com.springersearchtest.SpringerSearch" tests="8" failures="0" timestamp="02 Nov 2018 13:56:28 GMT" time="126.488" errors="0">
  <testcase name="searchResult" time="14.843" classname="com.springersearchtest.SpringerSearch"/>
  <testcase name="searchResult" time="16.677" classname="com.springersearchtest.SpringerSearch"/>
  <testcase name="searchResult" time="15.333" classname="com.springersearchtest.SpringerSearch"/>
  <testcase name="searchResult" time="13.486" classname="com.springersearchtest.SpringerSearch"/>
  <testcase name="searchResult" time="15.695" classname="com.springersearchtest.SpringerSearch"/>
  <testcase name="searchResult" time="14.716" classname="com.springersearchtest.SpringerSearch"/>
  <testcase name="searchResult" time="20.656" classname="com.springersearchtest.SpringerSearch"/>
  <testcase name="searchResult" time="15.082" classname="com.springersearchtest.SpringerSearch"/>
</testsuite> <!-- com.springersearchtest.SpringerSearch -->
